<?xml version="1.0" encoding="UTF-8"?>
<testsuite name="com.mabb.tistory.mbk1991.Mbk1991ApplicationTests" tests="1" skipped="0" failures="0" errors="0" timestamp="2025-05-18T13:56:05.199Z" hostname="mabinui-MacBookPro.local" time="0.442">
  <properties/>
  <testcase name="contextLoads()" classname="com.mabb.tistory.mbk1991.Mbk1991ApplicationTests" time="0.442"/>
  <system-out><![CDATA[22:56:04.119 [Test worker] INFO org.springframework.test.context.support.AnnotationConfigContextLoaderUtils -- Could not detect default configuration classes for test class [com.mabb.tistory.mbk1991.Mbk1991ApplicationTests]: Mbk1991ApplicationTests does not declare any static, non-private, non-final, nested classes annotated with @Configuration.
22:56:04.214 [Test worker] INFO org.springframework.boot.test.context.SpringBootTestContextBootstrapper -- Found @SpringBootConfiguration com.mabb.tistory.mbk1991.Mbk1991Application for test class com.mabb.tistory.mbk1991.Mbk1991ApplicationTests

  .   ____          _            __ _ _
 /\\ / ___'_ __ _ _(_)_ __  __ _ \ \ \ \
( ( )\___ | '_ | '_| | '_ \/ _` | \ \ \ \
 \\/  ___)| |_)| | | | | || (_| |  ) ) ) )
  '  |____| .__|_| |_|_| |_\__, | / / / /
 =========|_|==============|___/=/_/_/_/

 :: Spring Boot ::                (v3.4.5)

2025-05-18T22:56:04.510+09:00  INFO 85989 --- [mbk1991] [    Test worker] c.m.t.mbk1991.Mbk1991ApplicationTests    : Starting Mbk1991ApplicationTests using Java 17.0.10 with PID 85989 (started by mabin in /Users/mabin/coding/ci_test)
2025-05-18T22:56:04.511+09:00  INFO 85989 --- [mbk1991] [    Test worker] c.m.t.mbk1991.Mbk1991ApplicationTests    : No active profile set, falling back to 1 default profile: "default"
2025-05-18T22:56:05.189+09:00  INFO 85989 --- [mbk1991] [    Test worker] c.m.t.mbk1991.Mbk1991ApplicationTests    : Started Mbk1991ApplicationTests in 0.857 seconds (process running for 1.784)
]]></system-out>
  <system-err><![CDATA[]]></system-err>
</testsuite>
